2024-5-30 16:16:58-log: Cannot access game frame or container.
2024-5-30 16:16:58-debug: asset-db:require-engine-code (1655ms)
2024-5-30 16:16:59-log: meshopt wasm decoder initialized
2024-5-30 16:16:59-log: [box2d]:box2d wasm lib loaded.
2024-5-30 16:17:00-log: [bullet]:bullet wasm lib loaded.
2024-5-30 16:17:00-log: Cocos Creator v3.8.2
2024-5-30 16:17:09-debug: [Assets Memory track]: asset-db-plugin-enable: project start:104.72MB, end 196.61MB, increase: 91.89MB
2024-5-30 16:17:09-debug: [Assets Memory track]: asset-db:worker-init: initPlugin start:105.53MB, end 196.72MB, increase: 91.19MB
2024-5-30 16:17:09-debug: [Assets Memory track]: asset-db-plugin-enable: builder start:105.02MB, end 200.07MB, increase: 95.05MB
2024-5-30 16:17:09-debug: [Assets Memory track]: asset-db-plugin-register: engine-extends start:104.37MB, end 196.60MB, increase: 92.23MB
2024-5-30 16:17:00-debug: [Assets Memory track]: asset-db:worker-init: initEngine start:19.07MB, end 105.53MB, increase: 86.46MB
2024-5-30 16:17:09-debug: run package(native) handler(enable) start
2024-5-30 16:17:09-debug: run package(native) handler(enable) success!
2024-5-30 16:17:09-debug: run package(ohos) handler(enable) start
2024-5-30 16:17:09-debug: run package(ohos) handler(enable) success!
2024-5-30 16:17:09-debug: run package(openharmony) handler(enable) start
2024-5-30 16:17:09-debug: run package(openharmony) handler(enable) success!
2024-5-30 16:17:09-debug: run package(oppo-mini-game) handler(enable) start
2024-5-30 16:17:09-debug: run package(oppo-mini-game) handler(enable) success!
2024-5-30 16:17:09-debug: run package(runtime-dev-tools) handler(enable) start
2024-5-30 16:17:09-debug: run package(runtime-dev-tools) handler(enable) success!
2024-5-30 16:17:09-debug: run package(taobao-creative-app) handler(enable) start
2024-5-30 16:17:09-debug: run package(taobao-creative-app) handler(enable) success!
2024-5-30 16:17:09-debug: run package(taobao-mini-game) handler(enable) start
2024-5-30 16:17:09-debug: run package(taobao-mini-game) handler(enable) success!
2024-5-30 16:17:09-debug: run package(vivo-mini-game) handler(enable) start
2024-5-30 16:17:09-debug: run package(vivo-mini-game) handler(enable) success!
2024-5-30 16:17:09-debug: run package(web-desktop) handler(enable) start
2024-5-30 16:17:09-debug: run package(web-desktop) handler(enable) success!
2024-5-30 16:17:09-debug: run package(web-mobile) handler(enable) start
2024-5-30 16:17:09-debug: run package(web-mobile) handler(enable) success!
2024-5-30 16:17:09-debug: run package(wechatgame) handler(enable) start
2024-5-30 16:17:09-debug: run package(wechatgame) handler(enable) success!
2024-5-30 16:17:09-debug: run package(wechatprogram) handler(enable) start
2024-5-30 16:17:09-debug: run package(wechatprogram) handler(enable) success!
2024-5-30 16:17:09-debug: run package(windows) handler(enable) start
2024-5-30 16:17:09-debug: run package(windows) handler(enable) success!
2024-5-30 16:17:09-debug: run package(xiaomi-quick-game) handler(enable) start
2024-5-30 16:17:09-debug: run package(xiaomi-quick-game) handler(enable) success!
2024-5-30 16:17:09-debug: run package(cocos-service) handler(enable) start
2024-5-30 16:17:09-debug: run package(cocos-service) handler(enable) success!
2024-5-30 16:17:09-debug: run package(im-plugin) handler(enable) start
2024-5-30 16:17:09-debug: run package(im-plugin) handler(enable) success!
2024-5-30 16:17:09-debug: run package(fix-device) handler(enable) start
2024-5-30 16:17:09-debug: run package(fix-device) handler(enable) success!
2024-5-30 16:17:09-debug: run package(placeholder) handler(enable) start
2024-5-30 16:17:09-debug: run package(placeholder) handler(enable) success!
2024-5-30 16:17:09-debug: asset-db:worker-init: initPlugin (8997ms)
2024-5-30 16:17:09-debug: [Assets Memory track]: asset-db:worker-init start:19.06MB, end 198.98MB, increase: 179.92MB
2024-5-30 16:17:09-debug: Run asset db hook engine-extends:beforePreStart success!
2024-5-30 16:17:09-debug: Run asset db hook programming:beforePreStart success!
2024-5-30 16:17:09-debug: Run asset db hook engine-extends:beforePreStart ...
2024-5-30 16:17:09-debug: Run asset db hook programming:beforePreStart ...
2024-5-30 16:17:10-debug: asset-db:worker-init (13213ms)
2024-5-30 16:17:10-debug: asset-db-hook-programming-beforePreStart (805ms)
2024-5-30 16:17:10-debug: asset-db-hook-engine-extends-beforePreStart (804ms)
2024-5-30 16:17:10-debug: Preimport db internal success
2024-5-30 16:17:10-debug: Preimport db assets success
2024-5-30 16:17:10-debug: Run asset db hook programming:afterPreStart ...
2024-5-30 16:17:10-debug: starting packer-driver...
2024-5-30 16:17:11-debug: initialize scripting environment...
2024-5-30 16:17:11-debug: Set detail map pack:///resolution-detail-map.json: {}
2024-5-30 16:17:11-debug: Run asset db hook programming:afterPreStart success!
2024-5-30 16:17:11-debug: Run asset db hook engine-extends:afterPreStart ...
2024-5-30 16:17:11-debug: Run asset db hook engine-extends:afterPreStart success!
2024-5-30 16:17:11-debug: Start up the 'internal' database...
2024-5-30 16:17:11-debug: [Assets Memory track]: asset-db:worker-init: preStart start:198.99MB, end 213.05MB, increase: 14.06MB
2024-5-30 16:17:11-debug: asset-db-hook-programming-afterPreStart (626ms)
2024-5-30 16:17:11-debug: asset-db:worker-effect-data-processing (127ms)
2024-5-30 16:17:11-debug: asset-db-hook-engine-extends-afterPreStart (128ms)
2024-5-30 16:17:11-debug: Start up the 'assets' database...
2024-5-30 16:17:11-debug: asset-db:worker-startup-database[internal] (912ms)
2024-5-30 16:17:11-debug: asset-db:worker-startup-database[assets] (773ms)
2024-5-30 16:17:11-debug: asset-db:start-database (1603ms)
2024-5-30 16:17:11-debug: asset-db:ready (18226ms)
2024-5-30 16:17:11-debug: init worker message success
2024-5-30 16:17:12-debug: [Build Memory track]: builder:worker-init start:213.79MB, end 224.00MB, increase: 10.22MB
2024-5-30 16:17:12-debug: programming:execute-script (12ms)
2024-5-30 16:17:13-debug: builder:worker-init (2230ms)
2024-5-30 16:17:14-debug: Query all assets info in project
2024-5-30 16:17:14-debug: init custom config: keepNodeUuid: false, useCache: true
2024-5-30 16:17:14-debug:   Number of all scenes: 1
2024-5-30 16:17:14-debug:   Number of all scripts: 13
2024-5-30 16:17:14-debug:   Number of other assets: 349
2024-5-30 16:17:14-debug: // ---- build task Query asset bundle ----
2024-5-30 16:17:14-debug: Query asset bundle start, progress: 0%
2024-5-30 16:17:14-debug: Query preload assets from cc.config.json: 60f7195c-ec2a-45eb-ba94-8955f60e81d0,1c02ae6f-4492-4915-b8f8-7492a3b1e4cd,810e96e4-e456-4468-9b59-f4e8f39732c0,efe8e2a3-eace-427b-b4f1-cb8a937ec77d,e9aa9a3e-5b2b-4ac7-a2c7-073de2b2b24f,8bbdbcdd-5cd4-4100-b6d5-b7c9625b6107,50f4348b-c883-4e2f-8f11-ce233b859fa1,fda095cb-831d-4601-ad94-846013963de8,f92806d7-1768-443f-afe8-12bcde84d0f0,dd3a144d-ab7f-41f0-82b8-2e43a090d496,f0416e68-0200-4b77-a926-4f9d16e494da,970b0598-bcb0-4714-91fb-2e81440dccd8,bcd64cc6-2dd9-43f6-abbe-66318d332032,d930590d-bb92-4cc8-8bd1-23cd027f9edf,a3cd009f-0ab0-420d-9278-b9fdab939bbc,c27215d8-6835-4b68-bfbb-bdeac6100c04,b5d6115f-0370-4d7c-aad3-c194cc71cf98,871c3b6c-7379-419d-bda3-794b239ab90d
2024-5-30 16:17:14-debug: Query asset bundle start, progress: 5%
2024-5-30 16:17:14-debug: // ---- build task Query asset bundle ----
2024-5-30 16:17:14-debug: run build task Query asset bundle success in 122 ms√, progress: 5%
2024-5-30 16:17:14-debug: [Build Memory track]: Query asset bundle start:223.79MB, end 225.62MB, increase: 1.83MB
2024-5-30 16:17:14-debug: // ---- build task Query asset bundle ---- (122ms)
2024-5-30 16:17:14-debug: // ---- build task Query asset bundle ---- (1ms)
2024-5-30 16:17:14-debug: run build task Query asset bundle success in 1 ms√, progress: 10%
2024-5-30 16:17:14-debug: Sort some build options to settings.json start, progress: 10%
2024-5-30 16:17:14-debug: // ---- build task Sort some build options to settings.json ----
2024-5-30 16:17:14-debug: run build task Sort some build options to settings.json success in √, progress: 12%
2024-5-30 16:17:14-debug: [Build Memory track]: Sort some build options to settings.json start:225.66MB, end 225.67MB, increase: 8.14KB
2024-5-30 16:17:14-debug: Fill script data to settings start, progress: 12%
2024-5-30 16:17:14-debug: // ---- build task Fill script data to settings ----
2024-5-30 16:17:14-debug: run build task Fill script data to settings success in √, progress: 13%
2024-5-30 16:17:14-debug: Sort some build options to settings.json start, progress: 13%
2024-5-30 16:17:14-debug: // ---- build task Sort some build options to settings.json ----
2024-5-30 16:17:14-debug: // ---- build task Sort some build options to settings.json ---- (4ms)
2024-5-30 16:17:14-debug: [Build Memory track]: Fill script data to settings start:225.68MB, end 225.69MB, increase: 7.61KB
2024-5-30 16:17:14-debug: run build task Sort some build options to settings.json success in 4 ms√, progress: 15%
2024-5-30 16:17:14-debug: [Build Memory track]: Query asset bundle start:225.63MB, end 225.65MB, increase: 19.82KB
2024-5-30 16:17:14-debug: [Build Memory track]: Sort some build options to settings.json start:225.69MB, end 225.81MB, increase: 113.88KB
2024-5-30 16:17:16-debug: programming:execute-script (6ms)
2024-5-30 16:22:32-debug: refresh db internal success
2024-5-30 16:22:32-debug: refresh db assets success
2024-5-30 16:22:32-debug: Run asset db hook engine-extends:afterRefresh ...
2024-5-30 16:22:32-debug: Run asset db hook engine-extends:afterRefresh success!
2024-5-30 16:22:32-debug: asset-db:refresh-all-database (92ms)
2024-5-30 16:22:32-debug: asset-db-hook-engine-extends-afterRefresh (2ms)
2024-5-30 16:22:32-debug: asset-db:worker-effect-data-processing (1ms)
2024-5-30 16:27:10-debug: refresh db internal success
2024-5-30 16:27:10-debug: refresh db assets success
2024-5-30 16:27:10-debug: Run asset db hook engine-extends:afterRefresh ...
2024-5-30 16:27:10-debug: Run asset db hook engine-extends:afterRefresh success!
2024-5-30 16:27:10-debug: asset-db:refresh-all-database (87ms)
2024-5-30 16:27:10-debug: asset-db-hook-engine-extends-afterRefresh (1ms)
2024-5-30 16:27:10-debug: asset-db:worker-effect-data-processing (1ms)
